Arguments: 
  /Users/sushao/.nvm/versions/node/v16.4.2/bin/node /Users/sushao/.nvm/versions/node/v16.4.2/bin/yarn add react -W

PATH: 
  /Users/sushao/.nvm/versions/node/v16.4.2/bin:/usr/local/bin:/usr/bin:/bin:/usr/sbin:/sbin:/opt/puppetlabs/bin:/usr/local/munki:/Library/Apple/usr/bin:/Users/sushao/.cargo/bin

Yarn version: 
  1.22.10

Node version: 
  16.4.2

Platform: 
  darwin x64

Trace: 
  TypeError: Cannot read property 'manifest' of undefined
      at _loop (/Users/sushao/.nvm/versions/node/v16.4.2/lib/node_modules/yarn/lib/cli.js:6973:102)
      at _loop.next (<anonymous>)
      at Add.<anonymous> (/Users/sushao/.nvm/versions/node/v16.4.2/lib/node_modules/yarn/lib/cli.js:7031:27)
      at Generator.next (<anonymous>)
      at step (/Users/sushao/.nvm/versions/node/v16.4.2/lib/node_modules/yarn/lib/cli.js:310:30)
      at /Users/sushao/.nvm/versions/node/v16.4.2/lib/node_modules/yarn/lib/cli.js:321:13

npm manifest: 
  {
    "version": "0.0.0",
    "scripts": {
      "dev": "vite",
      "build": "tsc && vite build",
      "serve": "vite preview"
    },
    "dependencies": {
      "react": "^17.0.0",
      "react-dom": "^17.0.0"
    },
    "devDependencies": {
      "@types/react": "^17.0.0",
      "@types/react-dom": "^17.0.0",
      "@vitejs/plugin-react-refresh": "^1.3.1",
      "typescript": "^4.3.2",
      "vite": "^2.4.2"
    }
  }

yarn manifest: 
  No manifest

Lockfile: 
  # THIS IS AN AUTOGENERATED FILE. DO NOT EDIT THIS FILE DIRECTLY.
  # yarn lockfile v1
